<?xml version="1.0" encoding="UTF-8"?>
<!-- Generated by org.testng.reporters.JUnitReportReporter -->
<testsuite hostname="BAC-LP-317" failures="0" tests="1" name="com.restApi.test.FakerDataGenerator" time="0.171" errors="0" timestamp="2024-10-17T12:21:44 MYT" skipped="0">
  <testcase classname="com.restApi.test.FakerDataGenerator" name="testGenerateDummyData" time="0.171"/>
  <system-out/>
</testsuite> <!-- com.restApi.test.FakerDataGenerator -->
