<?xml version="1.0" encoding="UTF-8"?>
<!-- Generated by org.testng.reporters.JUnitReportReporter -->
<testsuite hostname="BAC-LP-317" failures="0" tests="1" name="com.restApi.chaining.GetUser" time="0.598" errors="0" timestamp="2024-10-18T10:32:59 MYT" skipped="0">
  <testcase classname="com.restApi.chaining.GetUser" name="test_getUser" time="0.598"/>
  <system-out/>
</testsuite> <!-- com.restApi.chaining.GetUser -->
