<?xml version="1.0" encoding="UTF-8"?>
<!-- Generated by org.testng.reporters.JUnitReportReporter -->
<testsuite hostname="BAC-LP-317" failures="0" tests="1" name="com.restApi.test.LoggingDemo" time="1.349" errors="0" timestamp="2024-10-11T14:53:59 MYT" skipped="0">
  <testcase classname="com.restApi.test.LoggingDemo" name="testLogs" time="1.349"/>
  <system-out/>
</testsuite> <!-- com.restApi.test.LoggingDemo -->
