<?xml version="1.0" encoding="UTF-8"?>
<!-- Generated by org.testng.reporters.JUnitReportReporter -->
<testsuite hostname="BAC-LP-317" failures="0" tests="4" name="com.restApi.test.HttpRequests" time="3.590" errors="0" timestamp="2024-10-09T15:09:24 MYT" skipped="0">
  <testcase classname="com.restApi.test.HttpRequests" name="getUser" time="1.461"/>
  <system-out/>
  <testcase classname="com.restApi.test.HttpRequests" name="createUser" time="1.180"/>
  <system-out/>
  <testcase classname="com.restApi.test.HttpRequests" name="UpdateUser" time="0.456"/>
  <system-out/>
  <testcase classname="com.restApi.test.HttpRequests" name="deleteUser" time="0.493"/>
  <system-out/>
</testsuite> <!-- com.restApi.test.HttpRequests -->
