<?xml version="1.0" encoding="UTF-8"?>
<!-- Generated by org.testng.reporters.JUnitReportReporter -->
<testsuite hostname="BAC-LP-317" failures="0" tests="1" name="com.restApi.test.CookiesDemo" time="1.587" errors="0" timestamp="2024-10-11T11:55:57 MYT" skipped="0">
  <testcase classname="com.restApi.test.CookiesDemo" name="getCookiesInfo" time="1.587"/>
  <system-out/>
</testsuite> <!-- com.restApi.test.CookiesDemo -->
