<?xml version="1.0" encoding="UTF-8"?>
<!-- Generated by org.testng.reporters.JUnitReportReporter -->
<testsuite hostname="BAC-LP-317" failures="0" tests="6" name="api.test.DDTests" time="7.345" errors="0" timestamp="2024-10-21T12:47:29 MYT" skipped="0">
  <testcase classname="api.test.DDTests" name="testPostuser" time="1.274"/>
  <system-out/>
  <testcase classname="api.test.DDTests" name="testPostuser" time="1.175"/>
  <system-out/>
  <testcase classname="api.test.DDTests" name="testPostuser" time="1.174"/>
  <system-out/>
  <testcase classname="api.test.DDTests" name="testDeleteUserByName" time="1.187"/>
  <system-out/>
  <testcase classname="api.test.DDTests" name="testDeleteUserByName" time="1.252"/>
  <system-out/>
  <testcase classname="api.test.DDTests" name="testDeleteUserByName" time="1.283"/>
  <system-out/>
</testsuite> <!-- api.test.DDTests -->
