<?xml version="1.0" encoding="UTF-8"?>
<!-- Generated by org.testng.reporters.JUnitReportReporter -->
<testsuite hostname="BAC-LP-317" failures="0" tests="4" name="api.test.UserTests" time="7.619" errors="0" timestamp="2024-10-21T12:47:29 MYT" skipped="0">
  <testcase classname="api.test.UserTests" name="testPostUser" time="2.549"/>
  <system-out/>
  <testcase classname="api.test.UserTests" name="testGetUserByName" time="1.272"/>
  <system-out/>
  <testcase classname="api.test.UserTests" name="testupdateUserByName" time="2.511"/>
  <system-out/>
  <testcase classname="api.test.UserTests" name="testDeleteUserByName" time="1.287"/>
  <system-out/>
</testsuite> <!-- api.test.UserTests -->
