<?xml version="1.0" encoding="UTF-8"?>
<!-- Generated by org.testng.reporters.JUnitReportReporter -->
<testsuite hostname="BAC-LP-317" failures="0" tests="1" name="com.restApi.test.PathAndQueryParameters" time="1.724" errors="0" timestamp="2024-10-11T11:12:31 MYT" skipped="0">
  <testcase classname="com.restApi.test.PathAndQueryParameters" name="testQueryAndPathparameters" time="1.724"/>
  <system-out/>
</testsuite> <!-- com.restApi.test.PathAndQueryParameters -->
