<?xml version="1.0" encoding="UTF-8"?>
<!-- Generated by org.testng.reporters.JUnitReportReporter -->
<testsuite hostname="BAC-LP-317" failures="0" tests="4" name="api.test.UserTests2" time="6.296" errors="0" timestamp="2024-10-21T12:47:29 MYT" skipped="0">
  <testcase classname="api.test.UserTests2" name="testPostUser" time="1.199"/>
  <system-out/>
  <testcase classname="api.test.UserTests2" name="testGetUserByName" time="1.242"/>
  <system-out/>
  <testcase classname="api.test.UserTests2" name="testUpdateUserByName" time="2.569"/>
  <system-out/>
  <testcase classname="api.test.UserTests2" name="testDeleteUserByName" time="1.286"/>
  <system-out/>
</testsuite> <!-- api.test.UserTests2 -->
