<?xml version="1.0" encoding="UTF-8"?>
<!-- Generated by org.testng.reporters.JUnitReportReporter -->
<testsuite hostname="BAC-LP-317" failures="0" tests="1" name="com.restApi.test.Authentications" time="1.357" errors="0" timestamp="2024-10-17T11:40:20 MYT" skipped="0">
  <testcase classname="com.restApi.test.Authentications" name="testAPIKeyAuthentication" time="1.357"/>
  <system-out/>
</testsuite> <!-- com.restApi.test.Authentications -->
